This is dvips(k) 5.992 Copyright 2012 Radical Eye Software (www.radicaleye.com)
' TeX output 2012.08.19:1827' -> ict4s_proc.ps.temp
dvips: no match for papersize
</usr/local/texlive/2012/texmf/dvips/base/tex.pro>
</usr/local/texlive/2012/texmf-dist/fonts/enc/dvips/base/8r.enc>
</usr/local/texlive/2012/texmf/dvips/base/texps.pro>
</usr/local/texlive/2012/texmf/dvips/base/special.pro>. 
</usr/local/texlive/2012/texmf-dist/fonts/type1/public/amsfonts/cm/cmcsc10.pfb>
</usr/local/texlive/2012/texmf-dist/fonts/type1/public/amsfonts/cmextra/cmex9.pfb>
</usr/local/texlive/2012/texmf-dist/fonts/type1/urw/times/utmri8a.pfb>
</usr/local/texlive/2012/texmf-dist/fonts/type1/urw/times/utmbi8a.pfb>
</usr/local/texlive/2012/texmf-dist/fonts/type1/public/amsfonts/cm/cmbx9.pfb>
</usr/local/texlive/2012/texmf-dist/fonts/type1/urw/times/utmr8a.pfb>
</usr/local/texlive/2012/texmf-dist/fonts/type1/public/amsfonts/cm/cmtt9.pfb>
</usr/local/texlive/2012/texmf-dist/fonts/type1/public/amsfonts/cm/cmti7.pfb>
</usr/local/texlive/2012/texmf-dist/fonts/type1/public/amsfonts/cm/cmti9.pfb>
</usr/local/texlive/2012/texmf-dist/fonts/type1/public/amsfonts/cm/cmsy6.pfb>
</usr/local/texlive/2012/texmf-dist/fonts/type1/public/amsfonts/cm/cmmi6.pfb>
</usr/local/texlive/2012/texmf-dist/fonts/type1/public/amsfonts/cm/cmr6.pfb>
</usr/local/texlive/2012/texmf-dist/fonts/type1/public/amsfonts/cm/cmsy9.pfb>
</usr/local/texlive/2012/texmf-dist/fonts/type1/public/amsfonts/cm/cmmi9.pfb>
</usr/local/texlive/2012/texmf-dist/fonts/type1/public/amsfonts/cm/cmr9.pfb>
</usr/local/texlive/2012/texmf-dist/fonts/type1/urw/times/utmb8a.pfb>
</usr/local/texlive/2012/texmf-dist/fonts/type1/urw/helvetic/uhvr8a.pfb>
</usr/local/texlive/2012/texmf-dist/fonts/type1/public/amsfonts/cm/cmmi8.pfb>
</usr/local/texlive/2012/texmf-dist/fonts/type1/public/amsfonts/cm/cmr8.pfb>
</usr/local/texlive/2012/texmf-dist/fonts/type1/urw/helvetic/uhvbo8a.pfb>
</usr/local/texlive/2012/texmf-dist/fonts/type1/urw/helvetic/uhvb8a.pfb>[1] 
[2] [3<./fly.eps><./fly.eps><./rosette.ps>] [4<./flies.eps>] 
